

times in msec
 clock   self+sourced   self:  sourced script
 clock   elapsed:              other lines

000.010  000.010: --- NVIM STARTING ---
000.135  000.125: event init
000.236  000.101: early init
000.295  000.059: locale set
000.342  000.047: init first window
000.654  000.312: inits 1
000.665  000.011: window checked
000.718  000.054: parsing arguments
001.231  000.084  000.084: require('vim.shared')
001.373  000.046  000.046: require('vim._meta')
001.375  000.140  000.094: require('vim._editor')
001.377  000.262  000.039: require('vim._init_packages')
001.379  000.398: init lua interpreter
001.419  000.041: expanding arguments
001.462  000.043: inits 2
001.764  000.302: init highlight
001.765  000.001: waiting for UI
002.502  000.736: done waiting for UI
002.511  000.010: init screen for UI
002.662  000.151: init default mappings
002.674  000.012: init default autocommands
003.183  000.061  000.061: sourcing /usr/share/nvim/runtime/ftplugin.vim
003.248  000.031  000.031: sourcing /usr/share/nvim/runtime/indent.vim
003.305  000.012  000.012: sourcing /usr/share/nvim/archlinux.vim
003.309  000.032  000.020: sourcing /etc/xdg/nvim/sysinit.vim
004.407  000.513  000.513: require('lazy')
004.437  000.016  000.016: require('ffi')
004.759  000.320  000.320: require('lazy.core.cache')
011.858  000.086  000.086: require('lazy.core.util')
011.937  000.072  000.072: require('lazy.core.config')
012.011  000.037  000.037: require('lazy.core.handler')
012.017  000.077  000.041: require('lazy.core.loader')
012.057  000.038  000.038: require('lazy.core.plugin')
013.256  000.158  000.158: require('user.functions.globals')
013.278  000.018  000.018: require('user.functions.utils')
013.280  000.195  000.020: require('user.functions')
014.688  000.025  000.025: require('lazy.core.handler.cmd')
014.715  000.021  000.021: require('lazy.core.handler.keys')
014.759  000.041  000.041: require('lazy.core.handler.event')
014.777  000.015  000.015: require('lazy.core.handler.ft')
014.885  000.008  000.008: require('vim.keymap')
015.078  000.082  000.082: sourcing /home/evan/.local/share/nvim/lazy/go.nvim/ftdetect/go.vim
015.140  000.034  000.034: sourcing /home/evan/.local/share/nvim/lazy/go.nvim/ftdetect/gomod.vim
015.343  000.115  000.115: sourcing /usr/share/nvim/runtime/filetype.lua
016.400  000.032  000.032: require('lualine_require')
016.742  000.476  000.443: require('lualine')
017.663  000.059  000.059: require('lualine.highlight')
022.747  000.048  000.048: require('lualine.utils.mode')
023.296  000.036  000.036: sourcing /home/evan/.local/share/nvim/lazy/nightfox.nvim/plugin/nightfox.vim
023.415  000.020  000.020: require('nightfox.lib.collect')
023.451  000.032  000.032: require('nightfox.util')
023.485  000.132  000.080: require('nightfox.config')
023.489  000.172  000.039: require('nightfox')
023.545  000.050  000.050: require('nightfox.override')
023.796  000.085  000.085: require('nightfox.lib.hash')
024.139  000.029  000.029: require('nightfox.util.deprecation')
024.163  000.020  000.020: require('nightfox.lib.deprecation')
024.185  000.018  000.018: require('nightfox.palette')
024.682  000.073  000.073: require('vim.lsp.log')
025.306  000.006  000.006: require('vim.F')
025.314  000.628  000.622: require('vim.lsp.protocol')
025.503  000.083  000.083: require('vim.lsp._snippet')
025.532  000.027  000.027: require('vim.highlight')
025.552  000.236  000.126: require('vim.lsp.util')
025.566  001.010  000.073: require('vim.lsp.handlers')
025.666  000.098  000.098: require('vim.lsp.rpc')
025.693  000.024  000.024: require('vim.lsp.sync')
025.763  000.068  000.068: require('vim.lsp.buf')
025.791  000.025  000.025: require('vim.lsp.diagnostic')
025.824  000.030  000.030: require('vim.lsp.codelens')
025.917  001.481  000.226: require('vim.lsp')
025.965  001.560  000.079: sourcing /home/evan/.local/share/nvim/lazy/nvim-lspconfig/plugin/lspconfig.lua
026.371  000.025  000.025: sourcing /home/evan/.local/share/nvim/lazy/lsp-zero.nvim/plugin/lsp-zero.vim
026.478  000.041  000.041: require('lsp-zero.presets')
026.540  000.021  000.021: require('lsp-zero.settings')
026.582  000.102  000.081: require('lsp-zero.server')
026.589  000.197  000.054: require('lsp-zero')
026.921  000.164  000.164: require('vim.diagnostic')
026.979  000.052  000.052: require('user.lsp.settings.sumneko_lua')
027.023  000.041  000.041: require('user.lsp.settings.jsonls')
027.564  000.083  000.083: require('luasnip.util.types')
027.607  000.039  000.039: require('luasnip.util.ext_opts')
028.787  000.013  000.013: require('vim.treesitter.language')
028.800  000.052  000.039: require('vim.treesitter.query')
029.029  000.032  000.032: require('vim.treesitter.languagetree')
029.091  000.118  000.086: require('vim.treesitter')
029.284  000.436  000.318: require('nvim-treesitter.parsers')
029.323  000.037  000.037: require('nvim-treesitter.utils')
029.332  000.508  000.035: require('nvim-treesitter.ts_utils')
029.339  000.536  000.028: require('nvim-treesitter.tsrange')
029.357  000.016  000.016: require('nvim-treesitter.caching')
029.371  000.654  000.049: require('nvim-treesitter.query')
029.373  001.558  000.904: require('rainbow')
029.595  000.077  000.077: require('nvim-treesitter.configs')
029.601  000.161  000.084: require('nvim-treesitter.info')
029.641  000.038  000.038: require('nvim-treesitter.shell_command_selectors')
029.666  000.277  000.079: require('nvim-treesitter.install')
029.687  000.019  000.019: require('nvim-treesitter.statusline')
029.713  000.024  000.024: require('nvim-treesitter.query_predicates')
029.716  000.341  000.021: require('nvim-treesitter')
029.733  001.930  000.031: sourcing /home/evan/.local/share/nvim/lazy/nvim-ts-rainbow/plugin/rainbow.vim
030.268  000.424  000.424: sourcing /home/evan/.local/share/nvim/lazy/nvim-treesitter/plugin/nvim-treesitter.lua
031.728  000.165  000.165: require('rainbow.internal')
031.800  000.034  000.034: require('nvim-treesitter.indent')
031.848  000.019  000.019: require('nvim-treesitter.highlight')
031.872  004.243  001.671: require('nvim-treesitter.parsers')
031.876  004.267  000.023: require('luasnip.extras.filetype_functions')
031.898  000.019  000.019: require('luasnip.session')
032.010  000.055  000.055: require('luasnip.util.util')
032.033  000.021  000.021: require('luasnip.nodes.util')
032.050  000.014  000.014: require('luasnip.util.events')
032.060  000.136  000.045: require('luasnip.nodes.node')
032.130  000.018  000.018: require('luasnip.util.extend_decorator')
032.138  000.238  000.084: require('luasnip.nodes.insertNode')
032.250  000.025  000.025: require('luasnip.util.mark')
032.348  000.044  000.044: require('luasnip.nodes.textNode')
032.735  000.361  000.361: require('luasnip.util._builtin_vars')
032.784  000.044  000.044: require('vim.inspect')
032.861  000.509  000.105: require('luasnip.util.environ')
032.897  000.034  000.034: require('luasnip.util.pattern_tokenizer')
032.920  000.020  000.020: require('luasnip.util.dict')
032.950  000.028  000.028: require('luasnip.session.snippet_collection')
032.988  000.735  000.100: require('luasnip.nodes.snippet')
033.000  000.860  000.099: require('luasnip.nodes.choiceNode')
033.060  000.039  000.039: require('luasnip.nodes.functionNode')
033.110  000.046  000.046: require('luasnip.nodes.dynamicNode')
033.153  000.041  000.041: require('luasnip.nodes.restoreNode')
033.172  000.016  000.016: require('luasnip.nodes.absolute_indexer')
033.200  000.026  000.026: require('luasnip.extras')
033.244  000.018  000.018: require('luasnip.util.str')
033.251  000.047  000.029: require('luasnip.extras.fmt')
033.398  000.034  000.034: require('luasnip.extras.conditions')
033.416  000.015  000.015: require('luasnip.extras.conditions.show')
033.490  000.204  000.155: require('luasnip.extras.conditions.expand')
033.493  000.240  000.035: require('luasnip.extras.expand_conditions')
033.516  000.021  000.021: require('luasnip.extras.postfix')
033.594  000.024  000.024: require('luasnip.util.parser.neovim_ast')
034.713  000.024  000.024: require('luasnip.util.directed_graph')
034.724  001.184  001.136: require('luasnip.util.parser.ast_utils')
034.770  000.017  000.017: require('luasnip.util.functions')
034.796  000.070  000.053: require('luasnip.util.parser.ast_parser')
034.865  000.067  000.067: require('luasnip.util.parser.neovim_parser')
034.871  001.353  000.032: require('luasnip.util.parser')
035.169  007.769  000.434: require('luasnip.config')
035.231  007.970  000.201: sourcing /home/evan/.local/share/nvim/lazy/LuaSnip/plugin/luasnip.vim
035.304  000.016  000.016: sourcing /home/evan/.local/share/nvim/lazy/LuaSnip/ftdetect/snippets.vim
035.492  000.018  000.018: require('luasnip.loaders._caches')
035.530  000.035  000.035: require('luasnip.util.path')
035.545  000.095  000.042: require('luasnip.loaders')
035.595  000.044  000.044: require('luasnip.util.log')
035.615  008.569  000.444: require('luasnip')
036.129  000.026  000.026: require('luasnip.loaders.util')
036.153  000.020  000.020: require('luasnip.nodes.snippetProxy')
036.161  000.093  000.048: require('luasnip.loaders.from_vscode')
036.256  009.228  000.566: require('lsp-zero.snippets')
037.343  000.031  000.031: require('cmp.utils.api')
037.381  000.020  000.020: require('cmp.types.cmp')
037.431  000.024  000.024: require('cmp.utils.misc')
037.449  000.066  000.042: require('cmp.types.lsp')
037.463  000.012  000.012: require('cmp.types.vim')
037.466  000.118  000.020: require('cmp.types')
037.483  000.015  000.015: require('cmp.utils.highlight')
037.558  000.058  000.058: require('cmp.utils.debug')
037.565  000.080  000.022: require('cmp.utils.autocmd')
037.897  000.620  000.375: sourcing /home/evan/.local/share/nvim/lazy/nvim-cmp/plugin/cmp.lua
038.104  000.047  000.047: require('cmp.utils.char')
038.114  000.078  000.031: require('cmp.utils.str')
038.131  000.015  000.015: require('cmp.utils.pattern')
038.194  000.014  000.014: require('cmp.utils.buffer')
038.202  000.052  000.038: require('cmp.utils.keymap')
038.216  000.083  000.031: require('cmp.utils.feedkeys')
038.245  000.027  000.027: require('cmp.utils.async')
038.282  000.015  000.015: require('cmp.utils.cache')
038.286  000.039  000.024: require('cmp.context')
038.371  000.026  000.026: require('cmp.config.mapping')
038.431  000.035  000.035: require('cmp.config.compare')
038.433  000.059  000.024: require('cmp.config.default')
038.449  000.127  000.043: require('cmp.config')
038.510  000.019  000.019: require('cmp.matcher')
038.518  000.067  000.048: require('cmp.entry')
038.528  000.240  000.045: require('cmp.source')
038.569  000.017  000.017: require('cmp.utils.event')
038.624  000.034  000.034: require('cmp.utils.window')
038.628  000.057  000.023: require('cmp.view.docs_view')
038.673  000.044  000.044: require('cmp.view.custom_entries_view')
038.711  000.036  000.036: require('cmp.view.wildmenu_entries_view')
038.741  000.027  000.027: require('cmp.view.native_entries_view')
038.763  000.020  000.020: require('cmp.view.ghost_text_view')
038.772  000.243  000.042: require('cmp.view')
038.977  001.005  000.281: require('cmp.core')
039.106  000.034  000.034: require('cmp.config.sources')
039.124  000.014  000.014: require('cmp.config.window')
039.174  001.249  000.196: require('cmp')
039.209  000.032  000.032: require('luasnip/loaders/from_vscode')
049.631  013.343  011.443: require('cmp')
049.641  013.382  000.039: require('lsp-zero.nvim-cmp-setup')
050.903  000.071  000.071: require('lsp-zero.utils')
050.917  000.163  000.091: require('lsp-zero.state')
050.988  000.069  000.069: require('lsp-zero.installer')
051.142  000.070  000.070: require('mason-core.path')
051.164  000.128  000.059: require('mason.settings')
051.448  000.245  000.245: require('mason-core.functional')
051.612  000.086  000.086: require('mason-core.functional.data')
051.632  000.153  000.067: require('mason-core.functional.function')
051.700  000.043  000.043: require('mason-core.functional.relation')
051.750  000.036  000.036: require('mason-core.functional.logic')
051.779  000.612  000.136: require('mason-core.platform')
051.782  000.791  000.050: require('mason')
051.917  000.103  000.103: require('mason-core.log')
051.922  000.137  000.035: require('mason-lspconfig')
052.665  000.034  000.034: require('mason-core.functional.list')
052.712  000.118  000.085: require('mason.api.command')
052.739  000.020  000.020: require('mason-lspconfig.settings')
052.772  000.013  000.013: require('mason-core.notify')
052.777  000.035  000.023: require('mason-lspconfig.lspconfig_hook')
052.901  000.122  000.122: require('lspconfig.util')
053.000  000.021  000.021: require('mason-core.functional.table')
053.058  000.127  000.106: require('mason-lspconfig.mappings.server')
053.126  000.026  000.026: require('mason-core.async')
053.142  000.013  000.013: require('mason-core.async.uv')
053.150  000.071  000.031: require('mason-core.fs')
053.171  000.019  000.019: require('mason-core.optional')
053.189  000.016  000.016: require('mason-core.EventEmitter')
053.253  000.062  000.062: require('mason-registry.index')
053.264  000.203  000.035: require('mason-registry')
053.281  000.014  000.014: require('mason-lspconfig.server_config_extensions')
053.312  000.029  000.029: require('lspconfig.configs')
053.335  000.021  000.021: require('lspconfig.server_configurations.omnisharp')
053.402  000.016  000.016: require('mason-core.functional.number')
053.423  000.064  000.049: require('mason-lspconfig.api.command')
053.712  000.022  000.022: require('cmp_nvim_lsp.source')
053.717  000.057  000.034: require('cmp_nvim_lsp')
053.947  000.024  000.024: require('lspconfig')
054.105  000.155  000.155: require('lspconfig.server_configurations.eslint')
055.347  000.031  000.031: require('lspconfig.server_configurations.tsserver')
056.207  000.032  000.032: require('lspconfig.server_configurations.sumneko_lua')
056.899  000.028  000.028: require('lspconfig.server_configurations.bashls')
057.654  000.022  000.022: require('lspconfig.server_configurations.taplo')
058.366  000.028  000.028: require('lspconfig.server_configurations.jsonls')
058.980  000.021  000.021: require('lspconfig.server_configurations.gopls')
059.602  000.031  000.031: require('lspconfig.server_configurations.denols')
060.282  000.026  000.026: require('lspconfig.server_configurations.zk')
060.894  000.036  000.036: require('mason-lspconfig.ensure_installed')
060.985  000.023  000.023: require('mason-core.result')
061.133  000.097  000.097: require('mason-core.process')
061.212  000.194  000.097: require('mason-core.spawn')
061.245  000.029  000.029: require('mason-core.receipt')
061.296  000.021  000.021: require('mason-core.functional.string')
061.315  000.327  000.082: require('mason-core.installer.context')
061.336  000.019  000.019: require('mason-core.installer.linker')
061.355  000.017  000.017: require('mason-core.async.control')
061.360  000.423  000.037: require('mason-core.installer')
061.390  000.028  000.028: require('mason-core.installer.handle')
061.543  000.063  000.063: require('mason-core.managers.powershell')
061.546  000.087  000.024: require('mason-core.fetch')
061.549  000.105  000.018: require('mason-core.managers.cargo.client')
061.651  000.054  000.054: require('mason-core.managers.std')
061.692  000.016  000.016: require('mason-core.providers')
061.703  000.050  000.034: require('mason-core.managers.github.client')
061.710  000.159  000.056: require('mason-core.managers.github')
061.724  000.315  000.051: require('mason-core.managers.cargo')
061.829  000.103  000.103: require('mason-core.managers.composer')
061.882  000.050  000.050: require('mason-core.managers.gem')
061.928  000.044  000.044: require('mason-core.managers.git')
062.036  000.106  000.106: require('mason-core.managers.go')
062.083  000.044  000.044: require('mason-core.managers.luarocks')
062.116  000.031  000.031: require('mason-core.managers.npm')
062.150  000.031  000.031: require('mason-core.managers.pip3')
062.157  000.764  000.039: require('mason-core.package.version-check')
062.163  001.257  000.042: require('mason-core.package')
062.194  000.022  000.022: require('mason-registry.typescript-language-server')
062.242  000.040  000.040: require('mason-registry.eslint-lsp')
062.317  000.027  000.027: require('mason-registry.lua-language-server')
062.359  000.033  000.033: require('mason-registry.gopls')
062.408  000.022  000.022: require('mason-registry.json-lsp')
062.836  000.183  000.183: sourcing /home/evan/.local/share/nvim/lazy/vim-oscyank/plugin/oscyank.vim
063.029  000.017  000.017: require('notify.util.queue')
063.034  000.043  000.026: require('notify.util')
063.118  000.083  000.083: require('notify.config.highlights')
063.123  000.160  000.033: require('notify.config')
063.143  000.017  000.017: require('notify.stages')
063.205  000.061  000.061: require('notify.service.notification')
063.322  000.015  000.015: require('notify.animate.spring')
063.325  000.087  000.072: require('notify.animate')
063.330  000.122  000.035: require('notify.windows')
063.393  000.022  000.022: require('notify.service.buffer.highlights')
063.398  000.048  000.026: require('notify.service.buffer')
063.401  000.069  000.021: require('notify.service')
063.427  000.024  000.024: require('notify.stages.util')
063.432  000.503  000.051: require('notify')
063.482  000.017  000.017: require('notify.stages.static')
063.506  000.644  000.123: require('notify')
063.681  000.013  000.013: require('vim.ui')
063.686  000.033  000.020: require('dressing.patch')
063.689  000.052  000.019: require('dressing')
063.697  000.074  000.022: sourcing /home/evan/.local/share/nvim/lazy/dressing.nvim/plugin/dressing.lua
063.929  000.050  000.050: sourcing /home/evan/.local/share/nvim/lazy/nvim-web-devicons/plugin/nvim-web-devicons.vim
064.022  000.057  000.057: require('alpha')
064.062  000.036  000.036: require('alpha.themes.dashboard')
065.134  000.025  000.025: sourcing /home/evan/.local/share/nvim/lazy/vim-graphql/ftdetect/graphql.vim
065.275  000.013  000.013: require('nvim-autopairs._log')
065.300  000.023  000.023: require('nvim-autopairs.utils')
065.357  000.023  000.023: require('nvim-autopairs.conds')
065.362  000.043  000.021: require('nvim-autopairs.rule')
065.364  000.062  000.019: require('nvim-autopairs.rules.basic')
065.371  000.153  000.055: require('nvim-autopairs')
065.429  000.022  000.022: require('nvim-autopairs.fastwrap')
065.654  000.018  000.018: require('nvim-autopairs.ts-conds')
065.658  000.040  000.022: require('nvim-autopairs.rules.ts_basic')
065.686  000.027  000.027: require('vim.treesitter.highlighter')
065.982  000.014  000.014: require('nvim-autopairs.completion.handlers')
065.988  000.041  000.027: require('nvim-autopairs.completion.cmp')
066.149  000.015  000.015: require('vim.fs')
066.171  000.019  000.019: require('bufferline.animate')
066.251  000.023  000.023: require('bufferline.options')
066.270  000.018  000.018: require('bufferline.utils')
066.276  000.064  000.024: require('bufferline.buffer')
066.280  000.088  000.023: require('bufferline.state')
066.284  000.112  000.024: require('bufferline.bbye')
066.302  000.017  000.017: require('bufferline.jump_mode')
066.543  000.208  000.208: require('nvim-web-devicons')
066.546  000.226  000.018: require('bufferline.icons')
066.551  000.247  000.021: require('bufferline.layout')
066.702  000.102  000.102: require('bufferline.highlight')
066.716  000.164  000.061: require('bufferline.render')
066.725  000.619  000.046: require('bufferline.api')
066.729  000.648  000.029: require('bufferline')
068.542  002.472  001.824: sourcing /home/evan/.local/share/nvim/lazy/barbar.nvim/plugin/bufferline.lua
069.155  000.011  000.011: require('nvim-tree.notify')
069.160  000.029  000.018: require('nvim-tree.events')
069.194  000.010  000.010: require('nvim-tree.log')
069.230  000.010  000.010: require('nvim-tree.iterators.node-iterator')
069.248  000.053  000.043: require('nvim-tree.utils')
069.285  000.036  000.036: require('nvim-tree.git.utils')
069.303  000.017  000.017: require('nvim-tree.git.runner')
069.318  000.013  000.013: require('nvim-tree.watcher')
069.332  000.013  000.013: require('nvim-tree.explorer.node')
069.334  000.164  000.022: require('nvim-tree.git')
069.348  000.012  000.012: require('nvim-tree.explorer.watch')
069.371  000.013  000.013: require('nvim-tree.explorer.node-builders')
069.384  000.011  000.011: require('nvim-tree.explorer.sorters')
069.410  000.013  000.013: require('nvim-tree.explorer.filters')
069.457  000.031  000.031: require('nvim-tree.view')
069.462  000.050  000.019: require('nvim-tree.live-filter')
069.463  000.115  000.028: require('nvim-tree.explorer.explore')
069.478  000.014  000.014: require('nvim-tree.explorer.reload')
069.480  000.319  000.014: require('nvim-tree.explorer')
069.483  000.359  000.011: require('nvim-tree.core')
069.507  000.023  000.023: require('nvim-tree.diagnostics')
069.519  000.011  000.011: require('nvim-tree.renderer.components.padding')
069.535  000.015  000.015: require('nvim-tree.renderer.components.icons')
069.560  000.023  000.023: require('nvim-tree.renderer.components.full-name')
069.576  000.015  000.015: require('nvim-tree.renderer.help')
069.599  000.022  000.022: require('nvim-tree.renderer.components.git')
069.628  000.027  000.027: require('nvim-tree.renderer.builder')
069.645  000.016  000.016: require('nvim-tree.marks')
069.649  000.538  000.027: require('nvim-tree.renderer')
069.665  000.013  000.013: require('nvim-tree.actions.tree-modifiers.collapse-all')
069.676  000.010  000.010: require('nvim-tree.actions.root.dir-up')
069.693  000.012  000.012: require('nvim-tree.actions.root.change-dir')
069.705  000.012  000.012: require('nvim-tree.actions.reloaders.reloaders')
069.716  000.010  000.010: require('nvim-tree.actions.finders.find-file')
069.718  000.621  000.027: require('nvim-tree.lib')
069.735  000.017  000.017: require('nvim-tree.colors')
069.747  000.010  000.010: require('nvim-tree.legacy')
069.769  000.021  000.021: require('nvim-tree.actions.fs.copy-paste')
069.795  000.011  000.011: require('nvim-tree.actions.tree-modifiers.expand-all')
069.806  000.010  000.010: require('nvim-tree.actions.tree-modifiers.toggles')
069.823  000.014  000.014: require('nvim-tree.actions.fs.create-file')
069.836  000.012  000.012: require('nvim-tree.actions.fs.rename-file')
069.855  000.018  000.018: require('nvim-tree.actions.fs.trash')
070.433  000.577  000.577: require('nvim-tree.actions.fs.remove-file')
070.446  000.012  000.012: require('nvim-tree.actions.moves.parent')
070.456  000.009  000.009: require('nvim-tree.actions.moves.sibling')
070.466  000.008  000.008: require('nvim-tree.actions.moves.item')
070.478  000.009  000.009: require('nvim-tree.actions.finders.search-node')
070.488  000.008  000.008: require('nvim-tree.actions.node.run-command')
070.499  000.011  000.011: require('nvim-tree.actions.node.file-popup')
070.514  000.014  000.014: require('nvim-tree.actions.node.system-open')
070.524  000.009  000.009: require('nvim-tree.marks.bulk-move')
070.526  000.756  000.036: require('nvim-tree.actions.dispatch')
070.540  001.507  000.083: require('nvim-tree')
070.549  000.009  000.009: require('nvim-tree.config')
071.725  000.035  000.035: require('nvim-tree.actions')
071.747  000.018  000.018: require('nvim-tree.actions.node.open-file')
072.420  000.011  000.011: require('nvim-tree.marks.navigation')
072.423  000.044  000.033: require('nvim-tree.api')
072.435  000.078  000.035: require('nvim-tree.keymap')
073.175  004.220  002.573: require('nvim-tree.events')
073.560  000.008  000.008: require('scrollbar.const')
073.578  000.016  000.016: require('scrollbar.utils')
073.582  000.048  000.024: require('scrollbar')
073.594  000.010  000.010: require('scrollbar.handlers.gitsigns')
073.663  000.010  000.010: require('gitsigns.async')
073.673  000.008  000.008: require('gitsigns.status')
073.731  000.031  000.031: require('gitsigns.debug')
073.748  000.016  000.016: require('gitsigns.util')
073.771  000.011  000.011: require('gitsigns.uv')
073.772  000.023  000.012: require('gitsigns.subprocess')
073.846  000.007  000.007: require('gitsigns.message')
073.858  000.054  000.047: require('gitsigns.config')
073.866  000.008  000.008: require('gitsigns.signs.base')
073.868  000.072  000.010: require('gitsigns.signs')
073.870  000.097  000.025: require('gitsigns.hunks')
073.876  000.202  000.035: require('gitsigns.git')
073.907  000.009  000.009: require('gitsigns.cache')
073.916  000.008  000.008: require('gitsigns.debounce')
073.938  000.008  000.008: require('gitsigns.diff')
073.945  000.068  000.042: require('gitsigns.manager')
073.968  000.022  000.022: require('gitsigns.highlight')
073.974  000.342  000.032: require('gitsigns')
074.579  000.018  000.018: require('gitsigns.signs.vimfn')
076.075  002.479  002.119: require('gitsigns')
076.127  000.033  000.033: require('scrollbar.config')
076.311  000.015  000.015: require('scrollbar.handlers.cursor')
076.344  000.021  000.021: require('scrollbar.handlers.diagnostic')
076.560  000.109  000.109: sourcing /home/evan/.local/share/nvim/lazy/plenary.nvim/plugin/plenary.vim
076.645  000.032  000.032: require('null-ls.utils')
076.653  000.054  000.022: require('null-ls.config')
076.672  000.009  000.009: require('null-ls.helpers.cache')
076.692  000.018  000.018: require('null-ls.helpers.diagnostics')
076.702  000.009  000.009: require('null-ls.helpers.formatter_factory')
076.742  000.011  000.011: require('null-ls.logger')
076.756  000.013  000.013: require('null-ls.state')
076.758  000.055  000.031: require('null-ls.helpers.generator_factory')
076.779  000.011  000.011: require('null-ls.helpers.command_resolver')
076.781  000.022  000.011: require('null-ls.helpers.make_builtin')
076.806  000.024  000.024: require('null-ls.helpers.range_formatting_args_factory')
076.807  000.153  000.016: require('null-ls.helpers')
076.875  000.037  000.037: require('null-ls.methods')
076.877  000.051  000.014: require('null-ls.diagnostics')
076.882  000.074  000.023: require('null-ls.sources')
076.901  000.017  000.017: require('null-ls.builtins')
076.902  000.321  000.023: require('null-ls')
076.929  000.022  000.022: require('null-ls.builtins.formatting.stylua')
076.956  000.025  000.025: require('null-ls.builtins.formatting.prettier')
076.970  000.012  000.012: require('null-ls.builtins.formatting.gofmt')
076.983  000.012  000.012: require('null-ls.builtins.formatting.golines')
076.998  000.013  000.013: require('null-ls.builtins.formatting.goimports')
077.224  000.024  000.024: require('null-ls.client')
077.354  000.043  000.043: require('catppuccin')
077.364  000.009  000.009: require('catppuccin.palettes')
077.377  000.011  000.011: require('catppuccin.palettes.mocha')
077.416  000.022  000.022: require('catppuccin.lib.hsluv')
077.419  000.037  000.015: require('catppuccin.utils.colors')
077.495  000.011  000.011: require('catppuccin.lib.hashing')
077.750  000.012  000.012: require('ts_context_commentstring')
077.805  000.075  000.063: sourcing /home/evan/.local/share/nvim/lazy/nvim-ts-context-commentstring/plugin/ts_context_commentstring.vim
077.873  000.010  000.010: require('Comment.config')
077.916  000.026  000.026: require('Comment.ft')
077.926  000.051  000.025: require('Comment.utils')
077.939  000.012  000.012: require('Comment.opfunc')
077.950  000.010  000.010: require('Comment.extra')
077.953  000.103  000.020: require('Comment.api')
078.061  000.222  000.119: sourcing /home/evan/.local/share/nvim/lazy/Comment.nvim/plugin/Comment.lua
078.086  000.012  000.012: require('Comment')
078.305  000.015  000.015: require('neoscroll.config')
078.318  000.011  000.011: require('neoscroll.utils')
078.338  000.070  000.045: require('neoscroll')
078.447  000.012  000.012: sourcing /home/evan/.local/share/nvim/lazy/symbols-outline.nvim/plugin/symbols-outline.vim
078.524  000.023  000.023: require('symbols-outline.config')
078.526  000.033  000.010: require('symbols-outline.symbols')
078.538  000.011  000.011: require('symbols-outline.ui')
078.548  000.009  000.009: require('symbols-outline.utils.table')
078.557  000.008  000.008: require('symbols-outline.folding')
078.559  000.079  000.018: require('symbols-outline.parser')
078.569  000.009  000.009: require('symbols-outline.providers.init')
078.583  000.013  000.013: require('symbols-outline.writer')
078.593  000.009  000.009: require('symbols-outline.utils.init')
078.604  000.010  000.010: require('symbols-outline.view')
078.608  000.151  000.031: require('symbols-outline')
078.677  000.020  000.020: require('symbols-outline.preview')
079.287  000.008  000.008: require('zk.config')
079.289  000.028  000.020: require('zk.lsp')
079.299  000.009  000.009: require('zk.ui')
079.319  000.010  000.010: require('zk.util')
079.320  000.020  000.010: require('zk.api')
079.323  000.078  000.021: require('zk')
079.362  000.011  000.011: require('zk.commands')
079.424  000.086  000.075: require('zk.commands.builtin')
080.015  000.012  000.012: require('workspaces.util')
080.023  000.044  000.032: require('workspaces')
080.253  000.127  000.127: sourcing /home/evan/.local/share/nvim/lazy/telescope.nvim/plugin/telescope.lua
080.290  000.012  000.012: require('telescope._extensions')
080.292  000.027  000.015: require('telescope')
080.438  000.012  000.012: require('plenary.bit')
080.450  000.010  000.010: require('plenary.functional')
080.466  000.070  000.047: require('plenary.path')
080.470  000.086  000.016: require('plenary.strings')
080.479  000.008  000.008: require('telescope.deprecated')
080.540  000.034  000.034: require('plenary.log')
080.557  000.058  000.025: require('telescope.log')
080.611  000.029  000.029: require('plenary.job')
080.621  000.009  000.009: require('telescope.state')
080.626  000.068  000.030: require('telescope.utils')
080.630  000.150  000.024: require('telescope.sorters')
081.632  001.276  001.032: require('telescope.config')
081.680  000.022  000.022: require('plenary.window.border')
081.689  000.008  000.008: require('plenary.window')
081.698  000.007  000.007: require('plenary.popup.utils')
081.700  000.065  000.028: require('plenary.popup')
081.713  000.012  000.012: require('telescope.pickers.scroller')
081.724  000.010  000.010: require('telescope.actions.state')
081.736  000.011  000.011: require('telescope.actions.utils')
081.765  000.014  000.014: require('telescope.actions.mt')
081.780  000.043  000.029: require('telescope.actions.set')
081.807  000.016  000.016: require('telescope.config.resolve')
081.809  000.028  000.012: require('telescope.pickers.entry_display')
081.818  000.008  000.008: require('telescope.from_entry')
081.928  001.635  000.182: require('telescope.actions')
081.973  000.008  000.008: require('telescope.pickers.window')
081.994  000.053  000.045: require('telescope.pickers.layout_strategies')
082.005  000.075  000.023: require('telescope.actions.layout')
082.688  000.008  000.008: require('plenary.tbl')
082.691  000.020  000.011: require('plenary.vararg.rotate')
082.693  000.029  000.009: require('plenary.vararg')
082.701  000.008  000.008: require('plenary.errors')
082.704  000.058  000.021: require('plenary.async.async')
082.715  000.010  000.010: require('plenary.async.structs')
082.720  000.086  000.018: require('plenary.async.control')
082.791  000.058  000.058: require('telescope.make_entry')
082.853  000.013  000.013: require('plenary.async.util')
082.854  000.022  000.009: require('plenary.async.tests')
082.856  000.035  000.013: require('plenary.async')
082.857  000.065  000.030: require('telescope.finders.async_static_finder')
082.894  000.010  000.010: require('plenary.class')
082.901  000.032  000.022: require('telescope._')
082.903  000.045  000.013: require('telescope.finders.async_oneshot_finder')
082.915  000.011  000.011: require('telescope.finders.async_job_finder')
082.918  000.197  000.018: require('telescope.finders')
082.980  000.015  000.015: require('telescope.debounce')
083.058  000.077  000.077: require('telescope.mappings')
083.104  000.044  000.044: require('telescope.pickers.highlights')
083.130  000.011  000.011: require('telescope.algos.linked_list')
083.132  000.026  000.015: require('telescope.entry_manager')
083.143  000.010  000.010: require('telescope.pickers.multi')
083.152  000.233  000.060: require('telescope.pickers')
083.157  000.547  000.032: require('telescope.builtin.__lsp')
083.168  000.599  000.052: require('telescope.builtin')
083.745  003.721  001.258: require('telescope')
083.811  000.018  000.018: require('telescope._extensions.workspaces')
084.573  000.278  000.278: require('fidget.log')
084.600  000.390  000.112: require('fidget')
084.657  000.049  000.049: require('fidget.spinners')
084.951  000.152  000.152: require('icon-picker.icons.alt-fonts')
085.215  000.261  000.261: require('icon-picker.icons.emoji-list')
087.188  001.970  001.970: require('icon-picker.icons.nf-icon-list')
087.378  000.187  000.187: require('icon-picker.icons.symbol-list')
087.514  002.740  000.171: require('icon-picker')
088.582  000.114  000.114: sourcing /usr/share/nvim/runtime/plugin/gzip.vim
088.611  000.007  000.007: sourcing /usr/share/nvim/runtime/plugin/health.vim
088.666  000.037  000.037: sourcing /usr/share/nvim/runtime/plugin/man.lua
088.702  000.010  000.010: sourcing /usr/share/nvim/runtime/plugin/matchit.vim
088.819  000.096  000.096: sourcing /usr/share/nvim/runtime/plugin/matchparen.vim
088.858  000.010  000.010: sourcing /usr/share/nvim/runtime/plugin/netrwPlugin.vim
088.969  000.005  000.005: sourcing /home/evan/.local/share/nvim/rplugin.vim
088.974  000.095  000.090: sourcing /usr/share/nvim/runtime/plugin/rplugin.vim
089.027  000.037  000.037: sourcing /usr/share/nvim/runtime/plugin/shada.vim
089.066  000.012  000.012: sourcing /usr/share/nvim/runtime/plugin/spellfile.vim
089.149  000.064  000.064: sourcing /usr/share/nvim/runtime/plugin/tarPlugin.vim
089.224  000.051  000.051: sourcing /usr/share/nvim/runtime/plugin/tohtml.vim
089.255  000.010  000.010: sourcing /usr/share/nvim/runtime/plugin/tutor.vim
089.363  000.091  000.091: sourcing /usr/share/nvim/runtime/plugin/zipPlugin.vim
089.834  000.029  000.029: require('cmp_buffer.timer')
089.863  000.090  000.061: require('cmp_buffer.buffer')
089.874  000.131  000.041: require('cmp_buffer.source')
089.877  000.162  000.031: require('cmp_buffer')
089.926  000.230  000.068: sourcing /home/evan/.local/share/nvim/lazy/cmp-buffer/after/plugin/cmp_buffer.lua
090.046  000.051  000.051: require('cmp_path')
090.087  000.113  000.062: sourcing /home/evan/.local/share/nvim/lazy/cmp-path/after/plugin/cmp_path.lua
090.184  000.043  000.043: require('cmp_luasnip')
090.242  000.118  000.075: sourcing /home/evan/.local/share/nvim/lazy/cmp_luasnip/after/plugin/cmp_luasnip.lua
090.315  000.022  000.022: sourcing /home/evan/.local/share/nvim/lazy/cmp-nvim-lsp/after/plugin/cmp_nvim_lsp.lua
090.388  000.017  000.017: require('cmp_nvim_lua')
090.402  000.049  000.031: sourcing /home/evan/.local/share/nvim/lazy/cmp-nvim-lua/after/plugin/cmp_nvim_lua.lua
090.820  087.489  036.233: sourcing /home/evan/.config/nvim/init.lua
090.829  000.541: sourcing vimrc file(s)
090.999  000.011  000.011: sourcing /usr/share/nvim/runtime/filetype.lua
091.019  000.010  000.010: sourcing /usr/share/nvim/runtime/filetype.vim
091.321  000.159  000.159: sourcing /usr/share/nvim/runtime/syntax/synload.vim
091.412  000.344  000.185: sourcing /usr/share/nvim/runtime/syntax/syntax.vim
091.422  000.228: inits 3
093.497  002.075: reading ShaDa
093.613  000.037  000.037: require('luasnip.loaders.from_lua')
093.689  000.033  000.033: require('luasnip.loaders.from_snipmate')
093.991  000.022  000.022: require('scrollbar.handlers')
094.043  000.454: opening buffers
095.740  001.697: BufEnter autocommands
095.744  000.004: editing files in windows
096.089  000.346: VimEnter autocommands
096.092  000.003: UIEnter autocommands
096.093  000.001: before starting main loop
8565.728  8469.634: first screen update
8565.734  000.007: --- NVIM STARTED ---
